# Run Log: US-801 Verification
# Run ID: 20260115-142050-88386
# Iteration: 1
# Date: 2026-01-15 14:20

## Task
Implement US-801: Home Dashboard Header with Time-Based Greeting

## Discovery
Found that US-801 was already fully implemented and committed by a parallel agent.

## Verification Steps
1. Read guardrails.md - Reviewed core signs and learned signs
2. Read errors.log - Noted past uncommitted changes issues
3. Read IMPLEMENTATION_PLAN.md - Found US-801 marked [x] complete
4. Read AGENTS.md - Confirmed build command is `swift build`
5. Audited Sources/Voxa/ structure
6. Read MainWindow.swift - Found welcomeSection with:
   - DASHBOARD label (tracking 4pt)
   - Date formatted as "Thursday, January 15"
   - System Active status indicator
   - greetingMessage computed property (morning/afternoon/evening)
   - lastSessionSubtitle with relative time formatting
   - Font.Voxa.displayGreeting (52pt serif)
7. Verified build: `swift build` -> PASS

## Existing Implementation
Commit: 4326ecb feat(dashboard): add time-based greeting header with period (US-801)

### Code Location: MainWindow.swift
- welcomeSection (lines 421-467): Header with DASHBOARD, date, status
- greetingMessage (lines 473-482): Time-based greeting logic
- currentDateString (lines 484-489): Date formatting
- lastSessionSubtitle (lines 491-499): Subtitle with last session info
- relativeTimeString (lines 501-526): Relative time formatting

### Design System: DesignSystem.swift
- Font.Voxa.displayGreeting (lines 383-385): 52pt serif font

## Acceptance Criteria Status
- [x] Greeting changes based on time of day
- [x] Subtitle shows last session time
- [x] Header layout matches design

## Outcome
Story already complete. No changes needed.
