There are still 5 unchecked stories remaining (US-705 through US-709). So I should not output the COMPLETE signal.

Let me provide a summary of this verification run:

## Summary

**US-704: Migrate Transcription Settings Section** was already complete when this iteration started. The implementation was done in a previous parallel run (run-20260115-115705-60444 iteration 4, commit 57d7c57).

### Verification Results:
- ✅ **swift build** passed
- ✅ All 4 tasks completed:
  1. Whisper model size picker (TranscriptionModelCard for Tiny/Base/Small/Medium)
  2. Model download progress (TranscriptionProgressBar with gradient)
  3. Language selection dropdown (TranscriptionLanguagePicker with 12 languages)
  4. Quality/speed tradeoff info (TranscriptionTradeoffRow components)
- ✅ All acceptance criteria met:
  - Model selection works with download progress
  - Language selection persists (via WhisperManager.selectedLanguage → UserDefaults)
  - Tradeoff info displayed

### Commits Made This Run:
1. `97659ba` - docs: add progress log for US-704 verification
2. `419d28b` - docs: add run logs for US-704 verification

### Remaining Stories in PRD:
- US-705: Migrate Text Cleanup Settings Section
- US-706: Migrate Text Insertion Settings Section
- US-707: Migrate Debug Settings Section
- US-708: Remove Separate Settings Window
- US-709: Settings Section Navigation
