## Summary

I successfully implemented US-525: Fix ScrollView Interactions. The changes ensure that all interactive elements within ScrollViews in the Settings window respond properly to clicks. 

**Key changes:**
1. Added `contentShape(Rectangle())` to `WispflowCardStyle` modifier for proper card hit testing
2. Enhanced `WispflowToggleStyle` with a larger hit area (52x32 frame) and `contentShape(Rectangle())` for reliable toggle interactions
3. Added `contentShape(Rectangle())` to `WispflowButtonContent` for reliable button clicks
4. Added `contentShape(Rectangle())` to all dropdown/picker row components: `LanguageRow`, `AudioDeviceRow`, `CleanupModeSegment`, `ModelSelectionCard`, `LLMModelSelectionCard`

**Commits:**
- `b9317a9` - feat(US-525): fix ScrollView interactions with contentShape hit testing
- `b863765` - docs: add verification progress log for US-525 implementation

**Verification:**
- `swift build` passes successfully

All 25 user stories in the PRD are now complete:
- US-501 through US-505 (Audio System)
- US-506 through US-509 (Permission System)
- US-510 through US-512 (Hotkey System)
- US-513 through US-515 (Text Insertion)
- US-516 through US-522 (Onboarding Wizard)
- US-523 through US-525 (Settings UI Fixes)

<promise>COMPLETE</promise>
