There are 6 remaining unchecked stories (US-803 through US-808). Since US-802 is now complete and there are still unchecked stories remaining, I should NOT output the completion signal.

## Summary

**US-802: Start Recording Button** has been verified as complete.

The implementation was already done by parallel agents in commits:
- `f81d0c1` - feat(US-802): implement Start Recording button in dashboard  
- `a5e6541` - feat(US-802): implement Start Recording button in dashboard header

### What was implemented:
1. **Pill-shaped button** with terracotta (`Color.Voxa.accent`) background using `Capsule()` shape
2. **Microphone icon with pulse animation** - Circle scales 1.0→1.4 and fades with `repeatForever` animation
3. **Keyboard shortcut badge** showing "⌘⇧Space" in semi-transparent white capsule
4. **Hover lift effect** - Shadow (6→12 radius), scale (1.02), and Y offset (-2) on hover
5. **Recording functionality** connected via NotificationCenter:
   - Posts `.toggleRecording` notification on tap
   - Subscribes to `.recordingStateChanged` for state updates
   - Button changes to "Stop Recording" with red background when active

### Verification:
- `swift build` → PASS
- Post-commit status: clean
- All acceptance criteria verified complete

### Remaining stories (6):
US-803, US-804, US-805, US-806, US-807, US-808
5 14:52:50] US-802 COMPLETE - all acceptance criteria verified

## Summary

US-802: Start Recording Button has been verified complete.

### Acceptance Criteria
- [x] Button triggers recording (posts .toggleRecording notification)
- [x] Hover state with lift effect (shadow radius 6→12, scale 1.02, Y offset -2)
- [x] Shows Stop Recording when active (text, icon, color changes)

### Implementation Details
- Pill-shaped button using Capsule() with Color.Voxa.accent (terracotta)
- Microphone icon with pulse animation (Circle scales 1.0→1.4, fades)
- Keyboard shortcut badge "⌘⇧Space" in semi-transparent capsule
- NotificationCenter integration for recording state sync
- Button changes to "Stop Recording" with red background when active

### Remaining Stories
6 stories remain in Phase 11 (Minimalist Dashboard UI Redesign):
- US-803: Recent Transcriptions List
- US-804: Daily Insights Sidebar
- US-805: Quick Tools Section
- US-806: Sidebar Navigation Redesign
- US-807: Dashboard Layout Grid
- US-808: Typography System Update
