## Summary

**US-803: Recent Transcriptions List** has been verified as complete (already implemented by parallel agent in commit `282de7d`).

### Implementation Details:
- **Section Header**: Uses `Font.Voxa.sectionHeaderItalic` (18pt serif italic) for "Recent Transcriptions" title
- **View All Link**: Button with chevron icon, posts `.navigateToHistory` notification to switch to History tab
- **RecentTranscriptionItem Component**:
  - Icon: Context-aware icon (doc.text.fill or questionmark.bubble.fill) in accentLight rounded square
  - Title: Generated from first sentence or first 8 words with ellipsis truncation
  - Subtitle: Word count and duration (e.g., "42 words • 15s")
  - Timestamp: Relative date string (Today, Yesterday, X days ago)
- **Hover States**: Background highlight, title color changes to terracotta accent
- **Empty State**: Shows waveform icon with helpful text prompting first recording
- **Data**: Shows up to 5 entries from `UsageStatsManager.shared.recentEntries`

### Verification:
- Build passes: `swift build` ✓
- Working tree: clean ✓
- All acceptance criteria met ✓

### Remaining Stories (5):
- US-804: Daily Insights Sidebar
- US-805: Quick Tools Section
- US-806: Sidebar Navigation Redesign
- US-807: Dashboard Layout Grid
- US-808: Typography System Update
