## Summary

US-803: Recent Transcriptions List was already **fully implemented** by a parallel agent (commit `282de7d`). This iteration verified the implementation is complete:

**Verification Results:**
- ✅ `swift build` passes (0.13s)
- ✅ Git working tree clean
- ✅ All 5 tasks completed
- ✅ All 4 acceptance criteria met

**Implementation Details:**
- Section header uses `Font.Voxa.sectionHeaderItalic` (Playfair Display style)
- View All link posts `.navigateToHistory` notification
- `RecentTranscriptionItem` component with icon, title, subtitle, timestamp
- Hover states change title color and add background highlight
- Empty state displays when no transcriptions
- Shows up to 5 recent entries from `UsageStatsManager.shared.recentEntries`

**Commit:** `45f7ab7 docs: add run log and progress entry for US-803 verification`

**Remaining Stories in Phase 11:** 5 open (US-804, US-805, US-806, US-807, US-808)
] Running swift build verification
[2026-01-15 16:04:13] Build passed: Build complete! (0.13s)
[2026-01-15 16:05:00] Checking git status
[2026-01-15 16:05:05] Working tree clean - no changes needed
[2026-01-15 16:05:10] US-803 already completed by commit 282de7d
[2026-01-15 16:06:00] Updating progress.md with verification entry
[2026-01-15 16:06:30] Run complete: US-803 verification successful
