The working tree is clean. US-802 is complete and all documentation has been committed.

## Summary

**US-802: Start Recording Button** has been verified complete.

### What was implemented:
- Pill-shaped Start Recording button with terracotta (#D97058) background using `Capsule()` shape
- Microphone icon with pulse animation when recording (scales and fades)
- Keyboard shortcut badge showing ⌘⇧Space
- Hover lift effect (increased shadow, 1.02 scale, -2px Y offset)
- Full recording functionality connected via NotificationCenter:
  - Posts `.toggleRecording` notification to trigger recording
  - Subscribes to `.recordingStateChanged` to update button state
  - Button shows "Stop Recording" with error color when recording active

### Files modified:
- `Sources/Voxa/MainWindow.swift` - Start Recording button implementation
- `Sources/Voxa/StatusBarController.swift` - Posts `.recordingStateChanged` notification
- `Sources/Voxa/ToastView.swift` - Notification name definitions
- `Sources/Voxa/AppDelegate.swift` - Notification observers
- `.ralph/IMPLEMENTATION_PLAN.md` - Marked US-802 complete

### Verification:
- `swift build` → PASS
- Working tree clean after commits
