# Activity Log

## Run Summary
- 2026-01-13 16:23:44 | run=20260113-160943-91467 | iter=3 | mode=build | story=US-003 | duration=344s | status=success
- 2026-01-13 16:17:58 | run=20260113-160943-91467 | iter=2 | mode=build | story=US-002 | duration=244s | status=success
- 2026-01-13 16:13:52 | run=20260113-160943-91467 | iter=1 | mode=build | story=US-001 | duration=249s | status=success
- 2026-01-13 16:00:51 | run=20260113-155825-87938 | iter=1 | mode=plan | duration=146s | status=success

- Total iterations: 1
- Mode: plan
- Stories defined: 7 (US-001 through US-007)
- Tasks created: 27

## Events

[2026-01-13 15:58:25] ITERATION 1 start (mode=plan)
[2026-01-13 15:58:30] PRD updated with story markers (US-001 to US-007) and Routing Policy
[2026-01-13 15:58:35] IMPLEMENTATION_PLAN.md created with 27 tasks across 7 stories
[2026-01-13 16:00:51] ITERATION 1 end (duration=146s)
[2026-01-13 16:03:50] ITERATION 1 start (mode=build story=US-001)
[2026-01-13 16:04:32] Starting work on US-001: Menu Bar App Foundation
[2026-01-13 16:08:54] Implemented US-001: Menu Bar App Foundation - swift build verification passed
[2026-01-13 16:09:44] ITERATION 1 start (mode=build story=US-001)
[2026-01-13 16:13:52] ITERATION 1 end (duration=249s)
[2026-01-13 16:13:54] ITERATION 2 start (mode=build story=US-002)
[2026-01-13 16:17:58] ITERATION 2 end (duration=244s)
[2026-01-13 16:18:00] ITERATION 3 start (mode=build story=US-003)
[2026-01-13 16:23:44] ITERATION 3 end (duration=344s)
[2026-01-13 16:23:47] ITERATION 4 start (mode=build story=US-004)
